  RunGame.cpp
D:\0F\VsProject\RunGame\RunGame\RunGame.cpp(23,58): warning C4244: “=”: 从“double”转换到“float”，可能丢失数据
D:\0F\VsProject\RunGame\RunGame\RunGame.cpp(23,92): warning C4244: “=”: 从“double”转换到“float”，可能丢失数据
D:\0F\VsProject\RunGame\RunGame\RunGame.cpp(23,146): warning C4244: “=”: 从“double”转换到“float”，可能丢失数据
D:\0F\VsProject\RunGame\RunGame\RunGame.cpp(23,238): warning C4244: “=”: 从“double”转换到“float”，可能丢失数据
D:\0F\VsProject\RunGame\RunGame\RunGame.cpp(23,305): warning C4244: “=”: 从“double”转换到“float”，可能丢失数据
D:\0F\VsProject\RunGame\RunGame\RunGame.cpp(23,339): warning C4244: “=”: 从“double”转换到“float”，可能丢失数据
D:\0F\VsProject\RunGame\RunGame\RunGame.cpp(26,593): warning C4244: “=”: 从“double”转换到“int”，可能丢失数据
D:\0F\VsProject\RunGame\RunGame\RunGame.cpp(44,174): warning C4244: “参数”: 从“double”转换到“float”，可能丢失数据
D:\0F\VsProject\RunGame\RunGame\RunGame.cpp(44,258): warning C4244: “参数”: 从“double”转换到“float”，可能丢失数据
D:\0F\VsProject\RunGame\RunGame\RunGame.cpp(46,59): warning C4244: “参数”: 从“double”转换到“float”，可能丢失数据
D:\0F\VsProject\RunGame\RunGame\RunGame.cpp(49,78): warning C4244: “参数”: 从“double”转换到“float”，可能丢失数据
D:\0F\VsProject\RunGame\RunGame\RunGame.cpp(50,90): warning C4244: “参数”: 从“double”转换到“float”，可能丢失数据
D:\0F\VsProject\RunGame\RunGame\RunGame.cpp(51,78): warning C4244: “参数”: 从“double”转换到“float”，可能丢失数据
D:\0F\VsProject\RunGame\RunGame\RunGame.cpp(51,238): warning C4244: “参数”: 从“double”转换到“float”，可能丢失数据
D:\0F\VsProject\RunGame\RunGame\RunGame.cpp(51,417): warning C4244: “参数”: 从“double”转换到“float”，可能丢失数据
D:\0F\VsProject\RunGame\RunGame\RunGame.cpp(51,700): warning C4244: “参数”: 从“double”转换到“float”，可能丢失数据
D:\0F\VsProject\RunGame\RunGame\RunGame.cpp(51,741): warning C4244: “参数”: 从“double”转换到“float”，可能丢失数据
D:\0F\VsProject\RunGame\RunGame\RunGame.cpp(51,782): warning C4244: “参数”: 从“double”转换到“float”，可能丢失数据
D:\0F\VsProject\RunGame\RunGame\RunGame.cpp(51,823): warning C4244: “参数”: 从“double”转换到“float”，可能丢失数据
D:\0F\VsProject\RunGame\RunGame\RunGame.cpp(54,196): warning C4244: “参数”: 从“int”转换到“float”，可能丢失数据
D:\0F\VsProject\RunGame\RunGame\RunGame.cpp(54,185): warning C4244: “参数”: 从“int”转换到“float”，可能丢失数据
D:\0F\VsProject\RunGame\RunGame\RunGame.cpp(54,239): warning C4244: “参数”: 从“int”转换到“float”，可能丢失数据
D:\0F\VsProject\RunGame\RunGame\RunGame.cpp(54,228): warning C4244: “参数”: 从“int”转换到“float”，可能丢失数据
D:\0F\VsProject\RunGame\RunGame\RunGame.cpp(54,284): warning C4244: “参数”: 从“int”转换到“float”，可能丢失数据
D:\0F\VsProject\RunGame\RunGame\RunGame.cpp(54,273): warning C4244: “参数”: 从“int”转换到“float”，可能丢失数据
D:\0F\VsProject\RunGame\RunGame\RunGame.cpp(54,331): warning C4244: “参数”: 从“int”转换到“float”，可能丢失数据
D:\0F\VsProject\RunGame\RunGame\RunGame.cpp(54,320): warning C4244: “参数”: 从“int”转换到“float”，可能丢失数据
D:\0F\VsProject\RunGame\RunGame\RunGame.cpp(54,387): warning C4244: “参数”: 从“double”转换到“float”，可能丢失数据
D:\0F\VsProject\RunGame\RunGame\RunGame.cpp(54,629): warning C4244: “参数”: 从“double”转换到“float”，可能丢失数据
D:\0F\VsProject\RunGame\RunGame\RunGame.cpp(54,701): warning C4244: “参数”: 从“double”转换到“float”，可能丢失数据
D:\0F\VsProject\RunGame\RunGame\RunGame.cpp(56,59): warning C4244: “参数”: 从“double”转换到“float”，可能丢失数据
D:\0F\VsProject\RunGame\RunGame\RunGame.cpp(60,81): warning C4244: “参数”: 从“double”转换到“float”，可能丢失数据
D:\0F\VsProject\RunGame\RunGame\RunGame.cpp(61,93): warning C4244: “参数”: 从“double”转换到“float”，可能丢失数据
D:\0F\VsProject\RunGame\RunGame\RunGame.cpp(62,81): warning C4244: “参数”: 从“double”转换到“float”，可能丢失数据
D:\0F\VsProject\RunGame\RunGame\RunGame.cpp(62,247): warning C4244: “参数”: 从“double”转换到“float”，可能丢失数据
D:\0F\VsProject\RunGame\RunGame\RunGame.cpp(62,1223): warning C4244: “参数”: 从“double”转换到“float”，可能丢失数据
D:\0F\VsProject\RunGame\RunGame\RunGame.cpp(62,1262): warning C4244: “参数”: 从“double”转换到“float”，可能丢失数据
D:\0F\VsProject\RunGame\RunGame\RunGame.cpp(62,1517): warning C4244: “参数”: 从“double”转换到“float”，可能丢失数据
D:\0F\VsProject\RunGame\RunGame\RunGame.cpp(62,1593): warning C4244: “参数”: 从“double”转换到“float”，可能丢失数据
D:\0F\VsProject\RunGame\RunGame\RunGame.cpp(70,129): warning C4244: “参数”: 从“int”转换到“float”，可能丢失数据
D:\0F\VsProject\RunGame\RunGame\RunGame.cpp(70,225): warning C4244: “参数”: 从“int”转换到“float”，可能丢失数据
D:\0F\VsProject\RunGame\RunGame\RunGame.cpp(70,362): warning C4244: “参数”: 从“int”转换到“float”，可能丢失数据
D:\0F\VsProject\RunGame\RunGame\RunGame.cpp(70,408): warning C4244: “参数”: 从“int”转换到“float”，可能丢失数据
D:\0F\VsProject\RunGame\RunGame\RunGame.cpp(70,493): warning C4244: “参数”: 从“int”转换到“float”，可能丢失数据
D:\0F\VsProject\RunGame\RunGame\RunGame.cpp(70,539): warning C4244: “参数”: 从“int”转换到“float”，可能丢失数据
D:\0F\VsProject\RunGame\RunGame\RunGame.cpp(71,248): warning C4305: “-=”: 从“double”到“float”截断
D:\0F\VsProject\RunGame\RunGame\RunGame.cpp(71,272): warning C4305: “-=”: 从“double”到“float”截断
D:\0F\VsProject\RunGame\RunGame\RunGame.cpp(71,320): warning C4305: “*=”: 从“double”到“float”截断
D:\0F\VsProject\RunGame\RunGame\RunGame.cpp(75,463): warning C4244: “=”: 从“double”转换到“float”，可能丢失数据
D:\0F\VsProject\RunGame\RunGame\RunGame.cpp(75,519): warning C4244: “=”: 从“double”转换到“float”，可能丢失数据
D:\0F\VsProject\RunGame\RunGame\RunGame.cpp(75,589): warning C4244: “=”: 从“double”转换到“float”，可能丢失数据
D:\0F\VsProject\RunGame\RunGame\RunGame.cpp(75,645): warning C4244: “=”: 从“double”转换到“float”，可能丢失数据
D:\0F\VsProject\RunGame\RunGame\RunGame.cpp(75,715): warning C4244: “=”: 从“double”转换到“float”，可能丢失数据
D:\0F\VsProject\RunGame\RunGame\RunGame.cpp(75,771): warning C4244: “=”: 从“double”转换到“float”，可能丢失数据
D:\0F\VsProject\RunGame\RunGame\RunGame.cpp(76,649): warning C4305: “-=”: 从“double”到“float”截断
D:\0F\VsProject\RunGame\RunGame\RunGame.cpp(76,699): warning C4305: “+=”: 从“double”到“float”截断
D:\0F\VsProject\RunGame\RunGame\RunGame.cpp(77,200): warning C4244: “=”: 从“double”转换到“float”，可能丢失数据
D:\0F\VsProject\RunGame\RunGame\RunGame.cpp(77,256): warning C4244: “=”: 从“double”转换到“float”，可能丢失数据
D:\0F\VsProject\RunGame\RunGame\RunGame.cpp(78,60): warning C4244: “参数”: 从“double”转换到“float”，可能丢失数据
D:\0F\VsProject\RunGame\RunGame\RunGame.cpp(78,519): warning C4244: “=”: 从“double”转换到“float”，可能丢失数据
D:\0F\VsProject\RunGame\RunGame\RunGame.cpp(78,574): warning C4244: “=”: 从“double”转换到“float”，可能丢失数据
D:\0F\VsProject\RunGame\RunGame\RunGame.cpp(78,643): warning C4244: “=”: 从“double”转换到“float”，可能丢失数据
D:\0F\VsProject\RunGame\RunGame\RunGame.cpp(78,698): warning C4244: “=”: 从“double”转换到“float”，可能丢失数据
D:\0F\VsProject\RunGame\RunGame\RunGame.cpp(78,767): warning C4244: “=”: 从“double”转换到“float”，可能丢失数据
D:\0F\VsProject\RunGame\RunGame\RunGame.cpp(78,822): warning C4244: “=”: 从“double”转换到“float”，可能丢失数据
D:\0F\VsProject\RunGame\RunGame\RunGame.cpp(78,1099): warning C4244: “=”: 从“double”转换到“float”，可能丢失数据
D:\0F\VsProject\RunGame\RunGame\RunGame.cpp(78,1162): warning C4244: “=”: 从“double”转换到“float”，可能丢失数据
D:\0F\VsProject\RunGame\RunGame\RunGame.cpp(78,1234): warning C4244: “参数”: 从“double”转换到“float”，可能丢失数据
D:\0F\VsProject\RunGame\RunGame\RunGame.cpp(83,34): warning C4244: “-=”: 从“double”转换到“float”，可能丢失数据
D:\0F\VsProject\RunGame\RunGame\RunGame.cpp(83,49): warning C4244: “+=”: 从“double”转换到“float”，可能丢失数据
D:\0F\VsProject\RunGame\RunGame\RunGame.cpp(83,60): warning C4244: “=”: 从“double”转换到“float”，可能丢失数据
D:\0F\VsProject\RunGame\RunGame\RunGame.cpp(83,389): warning C4244: “参数”: 从“double”转换到“float”，可能丢失数据
D:\0F\VsProject\RunGame\RunGame\RunGame.cpp(83,505): warning C4244: “参数”: 从“double”转换到“float”，可能丢失数据
D:\0F\VsProject\RunGame\RunGame\RunGame.cpp(83,642): warning C4244: “参数”: 从“double”转换到“float”，可能丢失数据
D:\0F\VsProject\RunGame\RunGame\RunGame.cpp(83,757): warning C4244: “参数”: 从“double”转换到“float”，可能丢失数据
D:\0F\VsProject\RunGame\RunGame\RunGame.cpp(83,818): warning C4305: “+=”: 从“double”到“float”截断
D:\0F\VsProject\RunGame\RunGame\RunGame.cpp(83,860): warning C4305: “-=”: 从“double”到“float”截断
D:\0F\VsProject\RunGame\RunGame\RunGame.cpp(83,901): warning C4244: “=”: 从“double”转换到“float”，可能丢失数据
D:\0F\VsProject\RunGame\RunGame\RunGame.cpp(84,39): warning C4244: “=”: 从“double”转换到“float”，可能丢失数据
D:\0F\VsProject\RunGame\RunGame\RunGame.cpp(84,489): warning C4244: “参数”: 从“double”转换到“float”，可能丢失数据
D:\0F\VsProject\RunGame\RunGame\RunGame.cpp(84,605): warning C4244: “参数”: 从“double”转换到“float”，可能丢失数据
D:\0F\VsProject\RunGame\RunGame\RunGame.cpp(84,742): warning C4244: “参数”: 从“double”转换到“float”，可能丢失数据
D:\0F\VsProject\RunGame\RunGame\RunGame.cpp(84,857): warning C4244: “参数”: 从“double”转换到“float”，可能丢失数据
D:\0F\VsProject\RunGame\RunGame\RunGame.cpp(84,917): warning C4305: “+=”: 从“double”到“float”截断
D:\0F\VsProject\RunGame\RunGame\RunGame.cpp(84,958): warning C4305: “-=”: 从“double”到“float”截断
D:\0F\VsProject\RunGame\RunGame\RunGame.cpp(84,999): warning C4244: “=”: 从“double”转换到“float”，可能丢失数据
D:\0F\VsProject\RunGame\RunGame\RunGame.cpp(87,152): warning C4244: “参数”: 从“int”转换到“float”，可能丢失数据
D:\0F\VsProject\RunGame\RunGame\RunGame.cpp(87,143): warning C4244: “参数”: 从“int”转换到“float”，可能丢失数据
D:\0F\VsProject\RunGame\RunGame\RunGame.cpp(94,273): warning C4305: “=”: 从“double”到“float”截断
D:\0F\VsProject\RunGame\RunGame\RunGame.cpp(94,343): warning C4305: “=”: 从“double”到“float”截断
D:\0F\VsProject\RunGame\RunGame\RunGame.cpp(95,295): warning C4244: “初始化”: 从“double”转换到“float”，可能丢失数据
D:\0F\VsProject\RunGame\RunGame\RunGame.cpp(95,322): warning C4244: “初始化”: 从“double”转换到“float”，可能丢失数据
D:\0F\VsProject\RunGame\RunGame\RunGame.cpp(95,750): warning C4244: “+=”: 从“double”转换到“float”，可能丢失数据
D:\0F\VsProject\RunGame\RunGame\RunGame.cpp(95,826): warning C4244: “-=”: 从“double”转换到“float”，可能丢失数据
D:\0F\VsProject\RunGame\RunGame\RunGame.cpp(95,905): warning C4244: “+=”: 从“double”转换到“float”，可能丢失数据
D:\0F\VsProject\RunGame\RunGame\RunGame.cpp(95,981): warning C4244: “-=”: 从“double”转换到“float”，可能丢失数据
D:\0F\VsProject\RunGame\RunGame\RunGame.cpp(97,83): warning C4305: “-=”: 从“double”到“float”截断
D:\0F\VsProject\RunGame\RunGame\RunGame.cpp(97,136): warning C4305: “+=”: 从“double”到“float”截断
D:\0F\VsProject\RunGame\RunGame\RunGame.cpp(99,206): warning C4244: “=”: 从“float”转换到“int”，可能丢失数据
D:\0F\VsProject\RunGame\RunGame\RunGame.cpp(99,359): warning C4244: “=”: 从“float”转换到“int”，可能丢失数据
D:\0F\VsProject\RunGame\RunGame\RunGame.cpp(104,72): warning C4244: “=”: 从“int”转换到“float”，可能丢失数据
D:\0F\VsProject\RunGame\RunGame\RunGame.cpp(105,51): warning C4244: “=”: 从“int”转换到“float”，可能丢失数据
D:\0F\VsProject\RunGame\RunGame\RunGame.cpp(106,51): warning C4244: “=”: 从“int”转换到“float”，可能丢失数据
D:\0F\VsProject\RunGame\RunGame\RunGame.cpp(107,69): warning C4244: “=”: 从“int”转换到“float”，可能丢失数据
D:\0F\VsProject\RunGame\RunGame\RunGame.cpp(108,87): warning C4244: “=”: 从“int”转换到“float”，可能丢失数据
D:\0F\VsProject\RunGame\RunGame\RunGame.cpp(108,127): warning C4244: “=”: 从“int”转换到“float”，可能丢失数据
D:\0F\VsProject\RunGame\RunGame\RunGame.cpp(108,196): warning C4244: “=”: 从“double”转换到“float”，可能丢失数据
D:\0F\VsProject\RunGame\RunGame\RunGame.cpp(108,229): warning C4244: “=”: 从“double”转换到“float”，可能丢失数据
D:\0F\VsProject\RunGame\RunGame\RunGame.cpp(122,608): warning C4244: “参数”: 从“float”转换到“int”，可能丢失数据
D:\0F\VsProject\RunGame\RunGame\RunGame.cpp(122,660): warning C4244: “参数”: 从“float”转换到“int”，可能丢失数据
D:\0F\VsProject\RunGame\RunGame\RunGame.cpp(122,712): warning C4244: “参数”: 从“float”转换到“int”，可能丢失数据
D:\0F\VsProject\RunGame\RunGame\RunGame.cpp(123,58): warning C4305: “参数”: 从“double”到“float”截断
D:\0F\VsProject\RunGame\RunGame\RunGame.cpp(123,88): warning C4305: “参数”: 从“double”到“float”截断
D:\0F\VsProject\RunGame\RunGame\RunGame.cpp(123,116): warning C4305: “参数”: 从“double”到“float”截断
D:\0F\VsProject\RunGame\RunGame\RunGame.cpp(123,159): warning C4305: “参数”: 从“double”到“float”截断
D:\0F\VsProject\RunGame\RunGame\RunGame.cpp(123,189): warning C4305: “参数”: 从“double”到“float”截断
D:\0F\VsProject\RunGame\RunGame\RunGame.cpp(123,217): warning C4305: “参数”: 从“double”到“float”截断
D:\0F\VsProject\RunGame\RunGame\RunGame.cpp(123,260): warning C4305: “参数”: 从“double”到“float”截断
D:\0F\VsProject\RunGame\RunGame\RunGame.cpp(123,290): warning C4305: “参数”: 从“double”到“float”截断
D:\0F\VsProject\RunGame\RunGame\RunGame.cpp(123,320): warning C4305: “参数”: 从“double”到“float”截断
D:\0F\VsProject\RunGame\RunGame\RunGame.cpp(123,350): warning C4305: “参数”: 从“double”到“float”截断
D:\0F\VsProject\RunGame\RunGame\RunGame.cpp(123,378): warning C4305: “参数”: 从“double”到“float”截断
D:\0F\VsProject\RunGame\RunGame\RunGame.cpp(123,422): warning C4305: “参数”: 从“double”到“float”截断
D:\0F\VsProject\RunGame\RunGame\RunGame.cpp(123,452): warning C4305: “参数”: 从“double”到“float”截断
D:\0F\VsProject\RunGame\RunGame\RunGame.cpp(123,482): warning C4305: “参数”: 从“double”到“float”截断
D:\0F\VsProject\RunGame\RunGame\RunGame.cpp(123,511): warning C4305: “参数”: 从“double”到“float”截断
D:\0F\VsProject\RunGame\RunGame\RunGame.cpp(123,539): warning C4305: “参数”: 从“double”到“float”截断
D:\0F\VsProject\RunGame\RunGame\RunGame.cpp(123,583): warning C4305: “参数”: 从“double”到“float”截断
D:\0F\VsProject\RunGame\RunGame\RunGame.cpp(123,613): warning C4305: “参数”: 从“double”到“float”截断
D:\0F\VsProject\RunGame\RunGame\RunGame.cpp(123,640): warning C4305: “参数”: 从“double”到“float”截断
D:\0F\VsProject\RunGame\RunGame\RunGame.cpp(123,670): warning C4305: “参数”: 从“double”到“float”截断
D:\0F\VsProject\RunGame\RunGame\RunGame.cpp(123,700): warning C4305: “参数”: 从“double”到“float”截断
D:\0F\VsProject\RunGame\RunGame\RunGame.cpp(123,728): warning C4305: “参数”: 从“double”到“float”截断
D:\0F\VsProject\RunGame\RunGame\RunGame.cpp(123,834): warning C4244: “=”: 从“double”转换到“float”，可能丢失数据
D:\0F\VsProject\RunGame\RunGame\RunGame.cpp(123,918): warning C4244: “参数”: 从“double”转换到“float”，可能丢失数据
D:\0F\VsProject\RunGame\RunGame\RunGame.cpp(123,902): warning C4244: “参数”: 从“int”转换到“float”，可能丢失数据
D:\0F\VsProject\RunGame\RunGame\RunGame.cpp(123,1008): warning C4305: “参数”: 从“double”到“float”截断
D:\0F\VsProject\RunGame\RunGame\RunGame.cpp(123,1075): warning C4305: “参数”: 从“double”到“float”截断
D:\0F\VsProject\RunGame\RunGame\RunGame.cpp(123,1142): warning C4305: “参数”: 从“double”到“float”截断
D:\0F\VsProject\RunGame\RunGame\RunGame.cpp(123,1207): warning C4305: “参数”: 从“double”到“float”截断
D:\0F\VsProject\RunGame\RunGame\RunGame.cpp(123,1313): warning C4244: “=”: 从“double”转换到“float”，可能丢失数据
D:\0F\VsProject\RunGame\RunGame\RunGame.cpp(123,1412): warning C4244: “参数”: 从“double”转换到“float”，可能丢失数据
D:\0F\VsProject\RunGame\RunGame\RunGame.cpp(123,1385): warning C4244: “参数”: 从“int”转换到“float”，可能丢失数据
D:\0F\VsProject\RunGame\RunGame\RunGame.cpp(135,87): warning C4244: “参数”: 从“int”转换到“float”，可能丢失数据
D:\0F\VsProject\RunGame\RunGame\RunGame.cpp(135,78): warning C4244: “参数”: 从“int”转换到“float”，可能丢失数据
D:\0F\VsProject\RunGame\RunGame\RunGame.cpp(135,279): warning C4244: “参数”: 从“int”转换到“float”，可能丢失数据
D:\0F\VsProject\RunGame\RunGame\RunGame.cpp(135,270): warning C4244: “参数”: 从“int”转换到“float”，可能丢失数据
D:\0F\VsProject\RunGame\RunGame\RunGame.cpp(139,58): warning C4244: “=”: 从“double”转换到“float”，可能丢失数据
D:\0F\VsProject\RunGame\RunGame\RunGame.cpp(139,92): warning C4244: “=”: 从“double”转换到“float”，可能丢失数据
D:\0F\VsProject\RunGame\RunGame\RunGame.cpp(140,52): warning C4244: “=”: 从“double”转换到“float”，可能丢失数据
D:\0F\VsProject\RunGame\RunGame\RunGame.cpp(141,62): warning C4244: “=”: 从“double”转换到“float”，可能丢失数据
D:\0F\VsProject\RunGame\RunGame\RunGame.cpp(142,37): warning C4244: “=”: 从“double”转换到“float”，可能丢失数据
D:\0F\VsProject\RunGame\RunGame\RunGame.cpp(142,71): warning C4244: “=”: 从“double”转换到“float”，可能丢失数据
D:\0F\VsProject\RunGame\RunGame\RunGame.cpp(146,107): warning C4244: “参数”: 从“int”转换到“float”，可能丢失数据
D:\0F\VsProject\RunGame\RunGame\RunGame.cpp(146,98): warning C4244: “参数”: 从“int”转换到“float”，可能丢失数据
D:\0F\VsProject\RunGame\RunGame\RunGame.cpp(149,86): warning C4244: “=”: 从“double”转换到“int”，可能丢失数据
D:\0F\VsProject\RunGame\RunGame\RunGame.cpp(149,114): warning C4244: “=”: 从“double”转换到“int”，可能丢失数据
D:\0F\VsProject\RunGame\RunGame\RunGame.cpp(149,144): warning C4244: “参数”: 从“int”转换到“float”，可能丢失数据
D:\0F\VsProject\RunGame\RunGame\RunGame.cpp(149,140): warning C4244: “参数”: 从“int”转换到“float”，可能丢失数据
D:\0F\VsProject\RunGame\RunGame\RunGame.cpp(149,186): warning C4244: “=”: 从“int”转换到“float”，可能丢失数据
D:\0F\VsProject\RunGame\RunGame\RunGame.cpp(149,205): warning C4244: “=”: 从“int”转换到“float”，可能丢失数据
D:\0F\VsProject\RunGame\RunGame\RunGame.cpp(151,184): warning C4244: “=”: 从“float”转换到“int”，可能丢失数据
D:\0F\VsProject\RunGame\RunGame\RunGame.cpp(151,203): warning C4244: “=”: 从“float”转换到“int”，可能丢失数据
D:\0F\VsProject\RunGame\RunGame\RunGame.cpp(151,279): warning C4244: “=”: 从“double”转换到“float”，可能丢失数据
D:\0F\VsProject\RunGame\RunGame\RunGame.cpp(151,309): warning C4244: “=”: 从“double”转换到“float”，可能丢失数据
D:\0F\VsProject\RunGame\RunGame\RunGame.cpp(152,145): warning C4244: “初始化”: 从“float”转换到“int”，可能丢失数据
D:\0F\VsProject\RunGame\RunGame\RunGame.cpp(152,156): warning C4244: “初始化”: 从“float”转换到“int”，可能丢失数据
D:\0F\VsProject\RunGame\RunGame\RunGame.cpp(152,204): warning C4244: “=”: 从“double”转换到“float”，可能丢失数据
D:\0F\VsProject\RunGame\RunGame\RunGame.cpp(152,239): warning C4244: “=”: 从“double”转换到“float”，可能丢失数据
D:\0F\VsProject\RunGame\RunGame\RunGame.cpp(153,65): warning C4305: “=”: 从“double”到“float”截断
D:\0F\VsProject\RunGame\RunGame\RunGame.cpp(153,156): warning C4244: “=”: 从“double”转换到“float”，可能丢失数据
D:\0F\VsProject\RunGame\RunGame\RunGame.cpp(153,189): warning C4244: “=”: 从“double”转换到“float”，可能丢失数据
D:\0F\VsProject\RunGame\RunGame\RunGame.cpp(154,85): warning C4305: “=”: 从“double”到“float”截断
D:\0F\VsProject\RunGame\RunGame\RunGame.cpp(155,77): warning C4244: “参数”: 从“int”转换到“float”，可能丢失数据
D:\0F\VsProject\RunGame\RunGame\RunGame.cpp(155,68): warning C4244: “参数”: 从“int”转换到“float”，可能丢失数据
D:\0F\VsProject\RunGame\RunGame\RunGame.cpp(155,216): warning C4244: “参数”: 从“int”转换到“float”，可能丢失数据
D:\0F\VsProject\RunGame\RunGame\RunGame.cpp(155,207): warning C4244: “参数”: 从“int”转换到“float”，可能丢失数据
D:\0F\VsProject\RunGame\RunGame\RunGame.cpp(155,365): warning C4244: “=”: 从“float”转换到“int”，可能丢失数据
D:\0F\VsProject\RunGame\RunGame\RunGame.cpp(155,378): warning C4244: “=”: 从“float”转换到“int”，可能丢失数据
D:\0F\VsProject\RunGame\RunGame\RunGame.cpp(155,446): warning C4244: “参数”: 从“int”转换到“float”，可能丢失数据
D:\0F\VsProject\RunGame\RunGame\RunGame.cpp(155,435): warning C4244: “参数”: 从“int”转换到“float”，可能丢失数据
D:\0F\VsProject\RunGame\RunGame\RunGame.cpp(155,490): warning C4244: “参数”: 从“int”转换到“float”，可能丢失数据
D:\0F\VsProject\RunGame\RunGame\RunGame.cpp(155,479): warning C4244: “参数”: 从“int”转换到“float”，可能丢失数据
D:\0F\VsProject\RunGame\RunGame\RunGame.cpp(155,536): warning C4244: “参数”: 从“int”转换到“float”，可能丢失数据
D:\0F\VsProject\RunGame\RunGame\RunGame.cpp(155,525): warning C4244: “参数”: 从“int”转换到“float”，可能丢失数据
D:\0F\VsProject\RunGame\RunGame\RunGame.cpp(155,580): warning C4244: “参数”: 从“int”转换到“float”，可能丢失数据
D:\0F\VsProject\RunGame\RunGame\RunGame.cpp(155,569): warning C4244: “参数”: 从“int”转换到“float”，可能丢失数据
D:\0F\VsProject\RunGame\RunGame\RunGame.cpp(155,706): warning C4244: “=”: 从“double”转换到“int”，可能丢失数据
D:\0F\VsProject\RunGame\RunGame\RunGame.cpp(155,737): warning C4244: “=”: 从“double”转换到“int”，可能丢失数据
D:\0F\VsProject\RunGame\RunGame\RunGame.cpp(155,837): warning C4244: “参数”: 从“int”转换到“float”，可能丢失数据
D:\0F\VsProject\RunGame\RunGame\RunGame.cpp(155,833): warning C4244: “参数”: 从“int”转换到“float”，可能丢失数据
D:\0F\VsProject\RunGame\RunGame\RunGame.cpp(155,879): warning C4244: “=”: 从“int”转换到“float”，可能丢失数据
D:\0F\VsProject\RunGame\RunGame\RunGame.cpp(155,898): warning C4244: “=”: 从“int”转换到“float”，可能丢失数据
D:\0F\VsProject\RunGame\RunGame\RunGame.cpp(156,145): warning C4244: “初始化”: 从“float”转换到“int”，可能丢失数据
D:\0F\VsProject\RunGame\RunGame\RunGame.cpp(156,156): warning C4244: “初始化”: 从“float”转换到“int”，可能丢失数据
D:\0F\VsProject\RunGame\RunGame\RunGame.cpp(156,207): warning C4244: “=”: 从“double”转换到“float”，可能丢失数据
D:\0F\VsProject\RunGame\RunGame\RunGame.cpp(156,242): warning C4244: “=”: 从“double”转换到“float”，可能丢失数据
D:\0F\VsProject\RunGame\RunGame\RunGame.cpp(157,144): warning C4102: “X30”: 未引用的标签
D:\0F\VsProject\RunGame\RunGame\RunGame.cpp(160,107): warning C4244: “参数”: 从“int”转换到“float”，可能丢失数据
D:\0F\VsProject\RunGame\RunGame\RunGame.cpp(160,98): warning C4244: “参数”: 从“int”转换到“float”，可能丢失数据
D:\0F\VsProject\RunGame\RunGame\RunGame.cpp(165,145): warning C4244: “初始化”: 从“float”转换到“int”，可能丢失数据
D:\0F\VsProject\RunGame\RunGame\RunGame.cpp(165,156): warning C4244: “初始化”: 从“float”转换到“int”，可能丢失数据
D:\0F\VsProject\RunGame\RunGame\RunGame.cpp(165,204): warning C4244: “=”: 从“double”转换到“float”，可能丢失数据
D:\0F\VsProject\RunGame\RunGame\RunGame.cpp(165,239): warning C4244: “=”: 从“double”转换到“float”，可能丢失数据
D:\0F\VsProject\RunGame\RunGame\RunGame.cpp(166,230): warning C4244: “参数”: 从“double”转换到“float”，可能丢失数据
D:\0F\VsProject\RunGame\RunGame\RunGame.cpp(166,196): warning C4244: “参数”: 从“double”转换到“float”，可能丢失数据
D:\0F\VsProject\RunGame\RunGame\RunGame.cpp(166,356): warning C4244: “=”: 从“double”转换到“float”，可能丢失数据
D:\0F\VsProject\RunGame\RunGame\RunGame.cpp(166,389): warning C4244: “=”: 从“double”转换到“float”，可能丢失数据
D:\0F\VsProject\RunGame\RunGame\RunGame.cpp(166,470): warning C4244: “参数”: 从“int”转换到“float”，可能丢失数据
D:\0F\VsProject\RunGame\RunGame\RunGame.cpp(166,453): warning C4244: “参数”: 从“int”转换到“float”，可能丢失数据
D:\0F\VsProject\RunGame\RunGame\RunGame.cpp(166,763): warning C4244: “=”: 从“int”转换到“float”，可能丢失数据
D:\0F\VsProject\RunGame\RunGame\RunGame.cpp(166,793): warning C4244: “=”: 从“int”转换到“float”，可能丢失数据
D:\0F\VsProject\RunGame\RunGame\RunGame.cpp(166,833): warning C4244: “=”: 从“int”转换到“float”，可能丢失数据
D:\0F\VsProject\RunGame\RunGame\RunGame.cpp(166,863): warning C4244: “=”: 从“int”转换到“float”，可能丢失数据
D:\0F\VsProject\RunGame\RunGame\RunGame.cpp(166,991): warning C4244: “参数”: 从“float”转换到“int”，可能丢失数据
D:\0F\VsProject\RunGame\RunGame\RunGame.cpp(166,987): warning C4244: “参数”: 从“float”转换到“int”，可能丢失数据
D:\0F\VsProject\RunGame\RunGame\RunGame.cpp(167,100): warning C4244: “参数”: 从“int”转换到“float”，可能丢失数据
D:\0F\VsProject\RunGame\RunGame\RunGame.cpp(167,89): warning C4244: “参数”: 从“int”转换到“float”，可能丢失数据
D:\0F\VsProject\RunGame\RunGame\RunGame.cpp(167,144): warning C4244: “参数”: 从“int”转换到“float”，可能丢失数据
D:\0F\VsProject\RunGame\RunGame\RunGame.cpp(167,133): warning C4244: “参数”: 从“int”转换到“float”，可能丢失数据
D:\0F\VsProject\RunGame\RunGame\RunGame.cpp(167,189): warning C4244: “参数”: 从“int”转换到“float”，可能丢失数据
D:\0F\VsProject\RunGame\RunGame\RunGame.cpp(167,249): warning C4244: “参数”: 从“double”转换到“float”，可能丢失数据
D:\0F\VsProject\RunGame\RunGame\RunGame.cpp(167,238): warning C4244: “参数”: 从“int”转换到“float”，可能丢失数据
D:\0F\VsProject\RunGame\RunGame\RunGame.cpp(167,297): warning C4244: “参数”: 从“double”转换到“float”，可能丢失数据
D:\0F\VsProject\RunGame\RunGame\RunGame.cpp(167,286): warning C4244: “参数”: 从“int”转换到“float”，可能丢失数据
D:\0F\VsProject\RunGame\RunGame\RunGame.cpp(167,350): warning C4244: “参数”: 从“double”转换到“float”，可能丢失数据
D:\0F\VsProject\RunGame\RunGame\RunGame.cpp(167,393): warning C4244: “参数”: 从“double”转换到“float”，可能丢失数据
D:\0F\VsProject\RunGame\RunGame\RunGame.cpp(167,847): warning C4244: “参数”: 从“int”转换到“float”，可能丢失数据
D:\0F\VsProject\RunGame\RunGame\RunGame.cpp(167,836): warning C4244: “参数”: 从“int”转换到“float”，可能丢失数据
D:\0F\VsProject\RunGame\RunGame\RunGame.cpp(167,891): warning C4244: “参数”: 从“int”转换到“float”，可能丢失数据
D:\0F\VsProject\RunGame\RunGame\RunGame.cpp(167,880): warning C4244: “参数”: 从“int”转换到“float”，可能丢失数据
D:\0F\VsProject\RunGame\RunGame\RunGame.cpp(167,936): warning C4244: “参数”: 从“int”转换到“float”，可能丢失数据
D:\0F\VsProject\RunGame\RunGame\RunGame.cpp(167,996): warning C4244: “参数”: 从“double”转换到“float”，可能丢失数据
D:\0F\VsProject\RunGame\RunGame\RunGame.cpp(167,985): warning C4244: “参数”: 从“int”转换到“float”，可能丢失数据
D:\0F\VsProject\RunGame\RunGame\RunGame.cpp(167,1044): warning C4244: “参数”: 从“double”转换到“float”，可能丢失数据
D:\0F\VsProject\RunGame\RunGame\RunGame.cpp(167,1033): warning C4244: “参数”: 从“int”转换到“float”，可能丢失数据
D:\0F\VsProject\RunGame\RunGame\RunGame.cpp(167,1097): warning C4244: “参数”: 从“double”转换到“float”，可能丢失数据
D:\0F\VsProject\RunGame\RunGame\RunGame.cpp(167,1140): warning C4244: “参数”: 从“double”转换到“float”，可能丢失数据
D:\0F\VsProject\RunGame\RunGame\RunGame.cpp(167,1265): warning C4244: “参数”: 从“int”转换到“float”，可能丢失数据
D:\0F\VsProject\RunGame\RunGame\RunGame.cpp(167,1254): warning C4244: “参数”: 从“int”转换到“float”，可能丢失数据
D:\0F\VsProject\RunGame\RunGame\RunGame.cpp(167,1309): warning C4244: “参数”: 从“int”转换到“float”，可能丢失数据
D:\0F\VsProject\RunGame\RunGame\RunGame.cpp(167,1298): warning C4244: “参数”: 从“int”转换到“float”，可能丢失数据
D:\0F\VsProject\RunGame\RunGame\RunGame.cpp(167,1354): warning C4244: “参数”: 从“int”转换到“float”，可能丢失数据
D:\0F\VsProject\RunGame\RunGame\RunGame.cpp(167,1414): warning C4244: “参数”: 从“double”转换到“float”，可能丢失数据
D:\0F\VsProject\RunGame\RunGame\RunGame.cpp(167,1403): warning C4244: “参数”: 从“int”转换到“float”，可能丢失数据
D:\0F\VsProject\RunGame\RunGame\RunGame.cpp(167,1462): warning C4244: “参数”: 从“double”转换到“float”，可能丢失数据
D:\0F\VsProject\RunGame\RunGame\RunGame.cpp(167,1451): warning C4244: “参数”: 从“int”转换到“float”，可能丢失数据
D:\0F\VsProject\RunGame\RunGame\RunGame.cpp(167,1515): warning C4244: “参数”: 从“double”转换到“float”，可能丢失数据
D:\0F\VsProject\RunGame\RunGame\RunGame.cpp(167,1558): warning C4244: “参数”: 从“double”转换到“float”，可能丢失数据
D:\0F\VsProject\RunGame\RunGame\RunGame.cpp(167,1671): warning C4244: “参数”: 从“int”转换到“float”，可能丢失数据
D:\0F\VsProject\RunGame\RunGame\RunGame.cpp(167,1660): warning C4244: “参数”: 从“int”转换到“float”，可能丢失数据
D:\0F\VsProject\RunGame\RunGame\RunGame.cpp(167,1716): warning C4244: “参数”: 从“int”转换到“float”，可能丢失数据
D:\0F\VsProject\RunGame\RunGame\RunGame.cpp(167,1705): warning C4244: “参数”: 从“int”转换到“float”，可能丢失数据
D:\0F\VsProject\RunGame\RunGame\RunGame.cpp(167,1777): warning C4244: “参数”: 从“int”转换到“float”，可能丢失数据
D:\0F\VsProject\RunGame\RunGame\RunGame.cpp(167,1766): warning C4244: “参数”: 从“int”转换到“float”，可能丢失数据
D:\0F\VsProject\RunGame\RunGame\RunGame.cpp(167,1820): warning C4244: “参数”: 从“int”转换到“float”，可能丢失数据
D:\0F\VsProject\RunGame\RunGame\RunGame.cpp(167,1809): warning C4244: “参数”: 从“int”转换到“float”，可能丢失数据
D:\0F\VsProject\RunGame\RunGame\RunGame.cpp(167,1949): warning C4244: “参数”: 从“int”转换到“float”，可能丢失数据
D:\0F\VsProject\RunGame\RunGame\RunGame.cpp(167,1940): warning C4244: “参数”: 从“int”转换到“float”，可能丢失数据
D:\0F\VsProject\RunGame\RunGame\RunGame.cpp(167,2011): warning C4244: “=”: 从“int”转换到“float”，可能丢失数据
D:\0F\VsProject\RunGame\RunGame\RunGame.cpp(167,2035): warning C4244: “=”: 从“int”转换到“float”，可能丢失数据
D:\0F\VsProject\RunGame\RunGame\RunGame.cpp(167,2119): warning C4244: “参数”: 从“int”转换到“float”，可能丢失数据
D:\0F\VsProject\RunGame\RunGame\RunGame.cpp(167,2116): warning C4244: “参数”: 从“int”转换到“float”，可能丢失数据
D:\0F\VsProject\RunGame\RunGame\RunGame.cpp(167,2187): warning C4244: “=”: 从“int”转换到“float”，可能丢失数据
D:\0F\VsProject\RunGame\RunGame\RunGame.cpp(167,2205): warning C4244: “=”: 从“int”转换到“float”，可能丢失数据
D:\0F\VsProject\RunGame\RunGame\RunGame.cpp(168,178): warning C4305: “初始化”: 从“double”到“float”截断
D:\0F\VsProject\RunGame\RunGame\RunGame.cpp(168,254): warning C4244: “参数”: 从“double”转换到“float”，可能丢失数据
D:\0F\VsProject\RunGame\RunGame\RunGame.cpp(164,27): warning C4102: “X21”: 未引用的标签
D:\0F\VsProject\RunGame\RunGame\RunGame.cpp(172,107): warning C4244: “参数”: 从“int”转换到“float”，可能丢失数据
D:\0F\VsProject\RunGame\RunGame\RunGame.cpp(172,98): warning C4244: “参数”: 从“int”转换到“float”，可能丢失数据
D:\0F\VsProject\RunGame\RunGame\RunGame.cpp(174,62): warning C4305: “+=”: 从“double”到“float”截断
D:\0F\VsProject\RunGame\RunGame\RunGame.cpp(174,99): warning C4305: “-=”: 从“double”到“float”截断
D:\0F\VsProject\RunGame\RunGame\RunGame.cpp(176,97): warning C4244: “=”: 从“int”转换到“float”，可能丢失数据
D:\0F\VsProject\RunGame\RunGame\RunGame.cpp(176,233): warning C4244: “=”: 从“int”转换到“float”，可能丢失数据
D:\0F\VsProject\RunGame\RunGame\RunGame.cpp(176,370): warning C4244: “=”: 从“int”转换到“float”，可能丢失数据
D:\0F\VsProject\RunGame\RunGame\RunGame.cpp(177,95): warning C4244: “=”: 从“int”转换到“float”，可能丢失数据
D:\0F\VsProject\RunGame\RunGame\RunGame.cpp(177,160): warning C4244: “=”: 从“double”转换到“float”，可能丢失数据
D:\0F\VsProject\RunGame\RunGame\RunGame.cpp(177,225): warning C4244: “=”: 从“double”转换到“float”，可能丢失数据
D:\0F\VsProject\RunGame\RunGame\RunGame.cpp(178,97): warning C4244: “=”: 从“int”转换到“float”，可能丢失数据
D:\0F\VsProject\RunGame\RunGame\RunGame.cpp(178,233): warning C4244: “=”: 从“int”转换到“float”，可能丢失数据
D:\0F\VsProject\RunGame\RunGame\RunGame.cpp(178,370): warning C4244: “=”: 从“int”转换到“float”，可能丢失数据
D:\0F\VsProject\RunGame\RunGame\RunGame.cpp(179,97): warning C4244: “=”: 从“int”转换到“float”，可能丢失数据
D:\0F\VsProject\RunGame\RunGame\RunGame.cpp(179,233): warning C4244: “=”: 从“int”转换到“float”，可能丢失数据
D:\0F\VsProject\RunGame\RunGame\RunGame.cpp(179,370): warning C4244: “=”: 从“int”转换到“float”，可能丢失数据
D:\0F\VsProject\RunGame\RunGame\RunGame.cpp(186,70): warning C4244: “=”: 从“float”转换到“int”，可能丢失数据
D:\0F\VsProject\RunGame\RunGame\RunGame.cpp(186,102): warning C4244: “=”: 从“float”转换到“int”，可能丢失数据
D:\0F\VsProject\RunGame\RunGame\RunGame.cpp(186,134): warning C4244: “=”: 从“float”转换到“int”，可能丢失数据
D:\0F\VsProject\RunGame\RunGame\RunGame.cpp(186,168): warning C4244: “=”: 从“float”转换到“int”，可能丢失数据
D:\0F\VsProject\RunGame\RunGame\RunGame.cpp(186,203): warning C4244: “=”: 从“float”转换到“int”，可能丢失数据
D:\0F\VsProject\RunGame\RunGame\RunGame.cpp(186,237): warning C4244: “=”: 从“float”转换到“int”，可能丢失数据
D:\0F\VsProject\RunGame\RunGame\RunGame.cpp(186,271): warning C4244: “初始化”: 从“float”转换到“int”，可能丢失数据
D:\0F\VsProject\RunGame\RunGame\RunGame.cpp(186,347): warning C4244: “=”: 从“double”转换到“int”，可能丢失数据
D:\0F\VsProject\RunGame\RunGame\RunGame.cpp(190,80): warning C4244: “+=”: 从“double”转换到“float”，可能丢失数据
D:\0F\VsProject\RunGame\RunGame\RunGame.cpp(191,114): warning C4244: “+=”: 从“double”转换到“float”，可能丢失数据
D:\0F\VsProject\RunGame\RunGame\RunGame.cpp(199,44): warning C4244: “=”: 从“int”转换到“float”，可能丢失数据
D:\0F\VsProject\RunGame\RunGame\RunGame.cpp(204,24): warning C4244: “=”: 从“int”转换到“float”，可能丢失数据
D:\0F\VsProject\RunGame\RunGame\RunGame.cpp(247,50): warning C4244: “=”: 从“double”转换到“float”，可能丢失数据
D:\0F\VsProject\RunGame\RunGame\RunGame.cpp(249,49): warning C4244: “=”: 从“double”转换到“float”，可能丢失数据
D:\0F\VsProject\RunGame\RunGame\RunGame.cpp(258,38): warning C4305: “=”: 从“double”到“float”截断
D:\0F\VsProject\RunGame\RunGame\RunGame.cpp(264,38): warning C4305: “=”: 从“double”到“float”截断
D:\0F\VsProject\RunGame\RunGame\RunGame.cpp(270,40): warning C4305: “=”: 从“double”到“float”截断
D:\0F\VsProject\RunGame\RunGame\RunGame.cpp(278,43): warning C4305: “=”: 从“double”到“float”截断
D:\0F\VsProject\RunGame\RunGame\RunGame.cpp(278,53): warning C4305: “=”: 从“double”到“float”截断
D:\0F\VsProject\RunGame\RunGame\RunGame.cpp(286,44): warning C4305: “=”: 从“double”到“float”截断
D:\0F\VsProject\RunGame\RunGame\RunGame.cpp(308,23): warning C4244: “=”: 从“double”转换到“float”，可能丢失数据
  RunGame.vcxproj -> D:\0F\VsProject\RunGame\Debug\RunGame.exe
